0 info it worked if it ends with ok
1 verbose cli [ '/Users/tszarzyn/.nvm/versions/node/v7.7.1/bin/node',
1 verbose cli   '/Users/tszarzyn/.nvm/versions/node/v7.7.1/bin/npm',
1 verbose cli   'publish' ]
2 info using npm@4.1.2
3 info using node@v7.7.1
4 verbose publish [ '.' ]
5 silly cache add args [ '.', null ]
6 verbose cache add spec .
7 silly cache add parsed spec Result {
7 silly cache add   raw: '.',
7 silly cache add   scope: null,
7 silly cache add   escapedName: null,
7 silly cache add   name: null,
7 silly cache add   rawSpec: '.',
7 silly cache add   spec: '/Users/tszarzyn/Sites/cra-append-sw',
7 silly cache add   type: 'directory' }
8 verbose addLocalDirectory /Users/tszarzyn/.npm/cra-append-sw/1.0.0/package.tgz not in flight; packing
9 verbose correctMkdir /Users/tszarzyn/.npm correctMkdir not in flight; initializing
10 info lifecycle cra-append-sw@1.0.0~prepublish: cra-append-sw@1.0.0
11 silly lifecycle cra-append-sw@1.0.0~prepublish: no script for prepublish, continuing
12 info lifecycle cra-append-sw@1.0.0~prepare: cra-append-sw@1.0.0
13 silly lifecycle cra-append-sw@1.0.0~prepare: no script for prepare, continuing
14 verbose tar pack [ '/Users/tszarzyn/.npm/cra-append-sw/1.0.0/package.tgz',
14 verbose tar pack   '/Users/tszarzyn/Sites/cra-append-sw' ]
15 verbose tarball /Users/tszarzyn/.npm/cra-append-sw/1.0.0/package.tgz
16 verbose folder /Users/tszarzyn/Sites/cra-append-sw
17 verbose addLocalTarball adding from inside cache /Users/tszarzyn/.npm/cra-append-sw/1.0.0/package.tgz
18 verbose correctMkdir /Users/tszarzyn/.npm correctMkdir not in flight; initializing
19 silly cache afterAdd cra-append-sw@1.0.0
20 verbose afterAdd /Users/tszarzyn/.npm/cra-append-sw/1.0.0/package/package.json not in flight; writing
21 verbose correctMkdir /Users/tszarzyn/.npm correctMkdir not in flight; initializing
22 verbose afterAdd /Users/tszarzyn/.npm/cra-append-sw/1.0.0/package/package.json written
23 silly publish { name: 'cra-append-sw',
23 silly publish   version: '1.0.0',
23 silly publish   description: 'Utility tool to append custom code to ServiceWorker created by Create React App',
23 silly publish   main: 'index.js',
23 silly publish   preferGlobal: true,
23 silly publish   bin: { 'cra-append-sw': './index.js' },
23 silly publish   scripts: { test: 'cra-append-sw' },
23 silly publish   repository:
23 silly publish    { type: 'git',
23 silly publish      url: 'git+https://github.com/bbhlondon/cra-append-sw.git' },
23 silly publish   keywords: [ 'node', 'react', 'serviceworker' ],
23 silly publish   author: { name: 'BBH London' },
23 silly publish   license: 'BSD-3-Clause',
23 silly publish   bugs: { url: 'https://github.com/bbhlondon/cra-append-sw/issues' },
23 silly publish   homepage: 'https://github.com/bbhlondon/cra-append-sw#readme',
23 silly publish   dependencies:
23 silly publish    { commander: '^2.11.0',
23 silly publish      'memory-fs': '^0.4.1',
23 silly publish      webpack: '^3.8.1' },
23 silly publish   readme: '# cra-append-sw\n\n  Utility tool to append custom code to ServiceWorker created by [Create React App](https://github.com/facebookincubator/create-react-app).\n\n## Installation\n\n    $ npm install commander --save\n\n## Usage\n\n    $ cra-append-sw [options] <file>\n\n\n### Options:\n\n    -s, --skip-compile  Skip compilation\n    -h, --help          output usage information\n\n## Usage with Create React App\n\n  In `package.json` modify build script to:\n\n    "build": "react-scripts build && cra-append-sw ./custom-sw.js",\n',
23 silly publish   readmeFilename: 'README.md',
23 silly publish   gitHead: 'b3fb65e483a7b2af2b3b84d303b6c60e211d63f5',
23 silly publish   _id: 'cra-append-sw@1.0.0',
23 silly publish   _shasum: '598a478bf6c5ec1461cfa23aa3d51b8d0d5099ca',
23 silly publish   _from: '.' }
24 info lifecycle cra-append-sw@1.0.0~prepublishOnly: cra-append-sw@1.0.0
25 silly lifecycle cra-append-sw@1.0.0~prepublishOnly: no script for prepublishOnly, continuing
26 verbose getPublishConfig undefined
27 silly mapToRegistry name cra-append-sw
28 silly mapToRegistry using default registry
29 silly mapToRegistry registry https://registry.npmjs.org/
30 silly mapToRegistry data Result {
30 silly mapToRegistry   raw: 'cra-append-sw',
30 silly mapToRegistry   scope: null,
30 silly mapToRegistry   escapedName: 'cra-append-sw',
30 silly mapToRegistry   name: 'cra-append-sw',
30 silly mapToRegistry   rawSpec: '',
30 silly mapToRegistry   spec: 'latest',
30 silly mapToRegistry   type: 'tag' }
31 silly mapToRegistry uri https://registry.npmjs.org/cra-append-sw
32 verbose publish registryBase https://registry.npmjs.org/
33 silly publish uploading /Users/tszarzyn/.npm/cra-append-sw/1.0.0/package.tgz
34 verbose request uri https://registry.npmjs.org/cra-append-sw
35 verbose request sending authorization for write operation
36 info attempt registry request try #1 at 5:46:50 PM
37 verbose request using bearer token for auth
38 verbose request id cc9df12a9b3acc06
39 http request PUT https://registry.npmjs.org/cra-append-sw
40 http 403 https://registry.npmjs.org/cra-append-sw
41 verbose headers { 'content-type': 'application/json',
41 verbose headers   'cache-control': 'max-age=300',
41 verbose headers   'content-length': '91',
41 verbose headers   'accept-ranges': 'bytes',
41 verbose headers   date: 'Mon, 23 Oct 2017 16:46:52 GMT',
41 verbose headers   via: '1.1 varnish',
41 verbose headers   connection: 'keep-alive',
41 verbose headers   'x-served-by': 'cache-lhr6328-LHR',
41 verbose headers   'x-cache': 'MISS',
41 verbose headers   'x-cache-hits': '0',
41 verbose headers   'x-timer': 'S1508777212.534784,VS0,VE798',
41 verbose headers   vary: 'Accept-Encoding, Accept' }
42 verbose request invalidating /Users/tszarzyn/.npm/registry.npmjs.org/cra-append-sw on PUT
43 error publish Failed PUT 403
44 verbose stack Error: You cannot publish over the previously published version 1.0.0. : cra-append-sw
44 verbose stack     at makeError (/Users/tszarzyn/.nvm/versions/node/v7.7.1/lib/node_modules/npm/node_modules/npm-registry-client/lib/request.js:304:12)
44 verbose stack     at CachingRegistryClient.<anonymous> (/Users/tszarzyn/.nvm/versions/node/v7.7.1/lib/node_modules/npm/node_modules/npm-registry-client/lib/request.js:292:14)
44 verbose stack     at Request._callback (/Users/tszarzyn/.nvm/versions/node/v7.7.1/lib/node_modules/npm/node_modules/npm-registry-client/lib/request.js:212:14)
44 verbose stack     at Request.self.callback (/Users/tszarzyn/.nvm/versions/node/v7.7.1/lib/node_modules/npm/node_modules/request/request.js:186:22)
44 verbose stack     at emitTwo (events.js:106:13)
44 verbose stack     at Request.emit (events.js:194:7)
44 verbose stack     at Request.<anonymous> (/Users/tszarzyn/.nvm/versions/node/v7.7.1/lib/node_modules/npm/node_modules/request/request.js:1081:10)
44 verbose stack     at emitOne (events.js:96:13)
44 verbose stack     at Request.emit (events.js:191:7)
44 verbose stack     at IncomingMessage.<anonymous> (/Users/tszarzyn/.nvm/versions/node/v7.7.1/lib/node_modules/npm/node_modules/request/request.js:1001:12)
45 verbose statusCode 403
46 verbose pkgid cra-append-sw
47 verbose cwd /Users/tszarzyn/Sites/cra-append-sw
48 error Darwin 15.5.0
49 error argv "/Users/tszarzyn/.nvm/versions/node/v7.7.1/bin/node" "/Users/tszarzyn/.nvm/versions/node/v7.7.1/bin/npm" "publish"
50 error node v7.7.1
51 error npm  v4.1.2
52 error code E403
53 error You cannot publish over the previously published version 1.0.0. : cra-append-sw
54 error If you need help, you may report this error at:
54 error     <https://github.com/npm/npm/issues>
55 verbose exit [ 1, true ]
